<?xml version="1.0" encoding="UTF-8"?>
<testsuite name="CouponCounter_Test" tests="3" skipped="0" failures="0" errors="0" timestamp="2023-03-18T11:01:56" hostname="WPLKM250542-F0V" time="0.043">
  <properties/>
  <testcase name="SumCoupons_Test()" classname="CouponCounter_Test" time="0.03"/>
  <testcase name="FindMAXCoordinates_Test()" classname="CouponCounter_Test" time="0.009"/>
  <testcase name="FindMAX_Test()" classname="CouponCounter_Test" time="0.002"/>
  <system-out><![CDATA[SumCoupons_Test
[225, 2]
FindMaxCoordinates_Test
[12, 1] [3, 0] 
FindMax_Test
[44, 222]
]]></system-out>
  <system-err><![CDATA[]]></system-err>
</testsuite>
