<?xml version="1.0" encoding="UTF-8"?>
<testsuite name="StarterPack_Test" tests="3" skipped="0" failures="0" errors="0" timestamp="2023-03-22T08:55:48" hostname="WPLKM250542-F0V" time="4.817">
  <properties/>
  <testcase name="DisplayLogs_Test()" classname="StarterPack_Test" time="0.03"/>
  <testcase name="Shooter_Test()" classname="StarterPack_Test" time="4.782"/>
  <testcase name="Welcome_Test()" classname="StarterPack_Test" time="0.002"/>
  <system-out><![CDATA[

Round  SUM  MAX Values  MAX Co-ordinates


0 1 1 2 1 1 0 0 2 0 0 1 1 1 1 
1 1 1 1 0 1 2 2 3 1 3 0 2 1 2 
2 0 0 1 1 1 1 0 0 0 2 0 0 0 1 
3 1 0 1 2 3 1 1 2 0 0 1 0 2 2 
3 2 0 1 2 1 1 1 1 0 0 1 2 0 2 
1 0 1 1 0 0 1 1 1 1 2 2 2 0 1 
0 0 2 1 0 1 1 1 1 2 0 2 1 1 2 
2 0 0 2 1 1 1 1 1 3 1 1 0 0 2 
2 1 1 0 0 0 1 1 1 1 1 1 0 1 0 
1 0 0 4 2 0 2 2 0 1 1 0 2 2 0 
0 1 1 2 1 0 1 2 0 0 1 0 2 0 1 
1 0 1 1 2 0 1 2 2 0 1 2 3 1 2 
2 0 1 3 1 0 0 1 2 0 1 1 2 1 0 
1 3 1 0 0 1 2 0 0 2 2 0 0 0 1 
0 1 1 1 1 1 3 0 1 2 0 0 1 1 2 
1 0 3 2 1 1 1 0 1 0 1 1 2 1 1 
0 1 0 0 0 0 2 2 3 2 1 1 0 0 1 
0 3 0 0 0 3 0 2 2 0 0 0 0 1 3 
1 2 0 3 3 1 0 0 0 0 1 0 3 0 1 
2 2 1 1 1 1 2 2 3 0 0 1 2 2 2 
1 0 1 0 1 0 1 0 2 0 1 3 1 1 1 
2 0 1 2 0 2 1 1 1 1 0 1 0 1 1 
0 0 0 1 1 1 0 1 1 3 0 1 1 1 0 
2 2 0 1 1 1 4 0 1 3 0 0 1 1 2 
1 1 1 0 1 2 0 1 1 0 1 1 0 1 2 
1 1 0 2 4 0 0 1 0 0 1 2 1 1 1 
0 1 0 3 1 1 2 1 2 1 0 0 1 3 1 
0 5 1 1 0 0 0 1 2 1 2 3 0 0 2 
0 0 1 1 0 1 1 1 1 2 0 0 1 0 1 
2 1 1 0 1 3 0 1 0 1 2 1 0 1 1 
0 3 1 1 1 1 2 0 0 2 2 2 0 0 0 
0 0 2 0 0 2 1 1 1 1 1 0 0 2 3 
1 1 1 0 1 1 2 1 2 2 0 0 1 0 1 
1 2 2 1 1 1 1 1 1 0 0 1 1 1 1 
2 1 0 1 1 0 1 1 1 1 1 2 5 2 1 
2 2 1 1 1 2 2 1 1 2 0 0 1 1 2 
0 0 0 0 3 0 1 0 0 3 1 1 0 0 0 
1 1 0 1 1 1 2 0 1 0 0 2 0 2 3 
1 2 2 1 1 2 0 2 1 0 1 1 0 1 2 
1 1 1 1 2 0 0 0 2 4 1 0 2 1 1 
0 0 1 3 0 2 1 0 0 0 2 0 0 1 0 
0 2 2 1 0 0 1 2 2 2 1 0 1 1 2 
1 1 2 1 1 1 3 0 1 2 3 0 1 1 0 
2 2 2 0 0 0 0 1 1 0 1 0 0 0 1 
0 0 1 0 2 1 1 1 0 2 2 2 1 0 2 
1 0 2 1 0 0 0 3 1 2 1 1 1 1 0 
0 1 0 2 2 3 0 2 1 2 0 1 1 2 1 
2 1 0 1 0 2 0 1 0 0 1 0 0 1 1 
2 1 1 2 1 1 1 1 1 0 2 1 1 1 0 
1 1 1 1 0 3 0 0 2 1 0 2 3 2 0 
1 2 1 0 4 0 0 2 1 1 0 0 2 2 1 
0 1 0 0 1 3 1 1 1 1 3 1 0 0 3 
0 0 1 1 0 0 0 1 0 1 1 1 2 2 1 
2 3 1 1 2 0 2 0 0 2 1 0 0 2 0 
1 1 1 3 1 2 0 2 2 0 1 1 0 1 0 
0 0 3 1 0 0 0 2 2 3 0 1 3 1 2 
2 0 0 2 1 1 2 0 1 2 0 1 1 1 0 
0 3 0 1 1 3 1 1 0 1 2 1 0 0 1 
1 3 0 1 0 0 1 0 0 0 2 0 1 1 1 
1 0 1 2 1 1 1 1 1 0 3 1 1 2 0 
0 1 0 0 2 1 1 2 2 1 0 2 1 0 0 
2 1 2 2 2 0 1 1 2 2 1 0 0 3 1 
1 0 0 0 1 0 3 0 1 0 1 1 0 2 1 
3 2 2 0 1 2 0 0 1 0 0 0 0 0 1 
1 1 0 0 1 1 1 0 1 2 1 2 2 2 2 
0 1 2 2 1 3 1 1 3 1 0 2 2 1 2 
0 0 0 1 1 0 2 2 1 1 0 1 1 1 0 
0 3 0 0 0 1 1 0 1 1 1 3 0 1 2 
1 3 1 1 1 2 0 1 2 0 0 1 0 0 1 
1 2 2 2 2 0 0 0 3 3 1 0 2 2 1 
0 0 0 2 0 1 1 1 1 0 2 2 1 2 0 
0 2 1 1 1 1 0 2 1 1 2 1 0 0 1 
2 1 0 2 2 1 3 1 1 0 1 1 1 1 1 
0 2 1 2 0 2 0 1 1 1 1 0 0 0 0 
0 2 0 2 0 1 0 0 0 2 1 1 1 2 2 
1 1 1 1 2 1 0 0 2 1 1 0 1 0 1 
0 1 0 1 2 0 2 1 1 1 0 1 2 0 1 
2 0 0 1 1 2 1 1 2 3 0 1 2 2 1 
2 2 0 2 1 0 1 0 0 1 0 0 0 1 1 
1 1 2 1 0 3 1 1 1 1 1 0 3 2 1 
1 1 1 1 0 1 2 1 0 1 2 3 1 2 1 
0 1 0 1 1 2 0 1 3 2 0 0 0 0 1 
0 0 2 1 1 1 1 1 2 0 1 0 2 0 1 
1 0 2 1 2 1 1 0 2 1 1 1 1 0 2 
2 1 0 0 1 1 0 1 1 0 1 0 1 3 2 
1 2 2 1 2 1 0 1 2 2 4 1 0 1 0 
1 1 0 1 1 2 3 2 2 0 1 1 0 3 1 
0 1 2 1 0 0 0 2 1 1 1 1 0 1 0 
1 0 1 1 4 0 0 0 0 1 2 0 0 2 1 
2 1 0 1 3 0 0 1 1 0 1 1 1 1 1 
0 3 1 2 1 0 1 1 0 1 1 0 0 1 0 
0 0 0 2 2 2 1 0 2 1 0 2 3 1 0 
1 0 0 0 1 0 1 1 2 1 2 1 3 2 0 
3 0 1 2 2 1 0 0 1 0 2 0 1 0 1 
3 1 1 1 0 0 5 1 0 2 1 1 0 3 2 
1 0 1 0 1 1 0 1 2 2 0 0 2 2 1 
0 1 1 0 1 1 0 1 1 0 2 1 1 0 0 
1 2 0 2 1 2 0 1 2 2 0 0 1 2 1 
0 1 1 2 2 3 0 1 0 1 0 1 3 3 0 
0 2 2 0 1 2 0 0 1 1 1 1 0 1 1 
2 0 1 1 0 2 1 1 0 2 0 2 0 0 2 
1 1 2 1 2 0 1 4 1 4 0 2 1 0 0 
1 0 1 3 1 0 1 1 1 0 2 2 1 3 1 
1 0 0 2 2 1 0 0 0 0 1 1 1 1 1 
1 1 0 0 3 1 0 0 1 1 1 1 0 1 1 
0 0 2 2 1 2 1 1 0 1 0 0 0 0 0 
0 2 1 1 1 0 0 2 2 1 2 1 3 4 0 
2 0 0 0 1 1 0 1 2 1 1 2 1 1 1 
2 0 0 3 3 0 1 1 0 2 0 0 0 2 0 
1 1 1 1 0 2 0 0 1 2 2 0 2 1 0 
1 3 0 0 0 0 2 1 1 2 1 1 0 2 2 
0 0 1 0 1 3 1 1 2 3 0 0 1 2 2 
0 0 2 1 1 2 0 0 1 1 1 2 2 1 0 
1 2 1 3 2 0 1 0 2 1 0 1 2 2 1 
1 1 1 2 1 3 0 0 0 0 0 1 2 0 1 
1 3 0 1 0 2 1 1 1 1 2 0 0 1 0 
0 0 1 4 0 2 2 1 1 0 0 1 1 1 0 
0 2 0 1 2 2 0 2 2 3 2 1 1 1 0 
0 2 1 0 1 3 0 0 0 0 2 1 2 2 0 
0 1 0 1 0 3 0 1 1 0 1 1 2 1 1 
0 2 2 0 2 1 1 2 2 1 1 0 2 1 0 
2 0 2 0 2 2 0 0 0 3 0 1 0 1 1 
1 0 0 2 1 0 1 1 0 2 1 2 1 3 0 
0 0 2 0 0 1 1 0 3 1 1 1 0 0 2 
1 2 0 0 1 0 4 0 0 2 1 2 0 2 2 
1 2 1 1 1 3 0 1 0 1 0 0 1 0 2 
0 2 1 0 2 1 1 1 1 2 2 1 1 1 1 
0 2 1 0 2 0 2 0 2 2 1 0 1 1 0 
0 0 4 1 0 2 0 0 1 0 0 1 3 3 1 
3 2 1 1 0 1 2 0 1 0 1 0 1 3 0 
0 0 1 3 1 1 2 0 1 1 0 0 1 0 1 
0 1 1 1 2 2 1 1 0 4 1 1 0 1 0 
0 0 2 1 2 2 2 0 0 1 0 4 1 2 1 
1 0 0 0 1 1 1 1 1 1 0 2 1 1 2 
1 1 1 0 3 1 1 1 1 0 0 2 1 1 0 
1 0 1 0 1 3 0 1 2 2 1 1 0 2 0 
1 1 2 2 0 2 2 0 1 0 1 0 0 1 0 
1 0 1 0 0 2 1 0 0 2 3 1 3 1 1 
0 1 0 3 1 0 2 3 0 2 2 0 0 3 0 
0 0 1 0 0 4 0 1 0 1 3 1 3 1 3 
1 0 1 0 1 0 2 0 0 1 0 0 0 0 2 
3 3 2 1 1 1 2 1 1 0 2 2 0 1 1 
1 0 2 2 0 1 1 2 1 0 0 2 0 1 0 
1 2 0 0 1 0 3 0 1 1 1 1 0 3 0 
1 0 1 1 1 1 0 0 1 0 0 1 2 3 2 
2 0 2 2 2 2 0 1 1 4 0 1 0 1 0 
1 0 1 2 1 2 2 0 1 0 1 2 1 0 0 
1 1 0 0 1 3 1 1 0 0 2 1 0 1 1 
1 1 0 0 2 1 0 2 2 2 1 3 1 3 2 
0 1 0 0 2 2 0 1 0 1 0 1 0 0 2 
0 0 1 1 2 0 1 0 3 0 1 0 0 0 2 
2 1 1 0 2 2 2 1 2 0 1 1 0 0 1 
0 0 1 3 1 0 2 0 1 1 0 2 1 2 0 
1 0 0 0 2 3 1 0 2 2 2 1 3 1 2 
1 1 0 0 1 0 1 1 1 1 2 3 1 5 2 
1 1 0 1 0 1 0 1 1 0 0 1 0 0 0 
1 3 0 0 3 1 3 2 0 2 0 0 1 2 1 
2 5 2 1 0 0 2 1 2 0 1 1 1 0 0 
0 0 0 0 0 2 0 0 1 0 0 1 1 1 0 
1 1 1 2 1 1 2 2 0 2 2 2 0 4 0 
1 2 1 1 1 1 2 1 0 0 1 0 1 2 1 
0 0 2 2 1 1 0 0 0 2 1 0 0 0 0 
1 0 0 0 0 2 4 2 0 2 1 3 2 2 1 
1 2 0 0 4 2 0 1 1 2 2 2 1 2 0 
0 1 0 0 1 0 1 0 2 1 0 0 0 3 0 
1 2 1 2 1 0 0 0 0 1 0 1 0 1 1 
0 1 0 1 1 0 2 2 4 0 0 1 2 1 1 
0 0 2 0 2 3 2 0 1 0 3 0 2 1 1 
0 2 1 1 0 1 2 0 0 1 2 1 1 2 0 
0 1 0 1 0 3 1 1 1 2 3 1 3 0 3 
1 1 0 0 3 0 1 0 0 1 1 0 1 2 2 
4 0 2 0 0 1 3 0 2 0 3 0 0 0 2 
2 0 3 0 2 1 2 0 0 0 0 1 1 0 1 
1 1 1 1 0 0 3 2 0 1 1 2 0 2 1 
2 1 1 3 1 2 1 0 2 0 1 2 2 1 2 
0 0 1 1 1 1 1 1 0 2 0 0 0 1 0 
1 2 1 0 1 2 1 1 1 2 0 1 1 2 1 
1 1 0 0 2 2 0 1 2 1 1 0 1 1 0 
0 0 1 1 0 1 4 1 1 1 1 2 2 2 0 
0 0 1 0 1 2 0 1 1 2 0 1 2 0 0 
1 0 0 3 1 0 0 0 1 0 0 0 1 1 1 
1 1 0 1 1 1 1 4 1 0 1 0 0 3 1 
0 2 0 1 0 1 3 3 2 1 0 2 0 2 1 
0 1 1 1 1 3 0 1 0 2 3 0 2 0 1 
0 1 0 0 1 1 1 1 1 3 2 2 2 3 1 
1 0 2 1 0 0 1 1 1 0 0 1 0 0 5 
2 2 0 0 4 1 1 1 0 2 0 0 0 1 2 
1 0 1 2 0 1 3 0 0 0 1 0 1 1 0 
1 1 2 2 1 1 1 0 0 1 1 0 2 1 0 
0 2 1 3 3 1 1 3 0 3 0 2 0 4 0 
0 2 1 0 0 1 0 0 1 0 0 2 0 2 2 
2 1 0 1 0 3 3 0 3 2 2 1 1 0 1 
1 0 1 0 0 3 2 0 2 1 1 1 1 0 0 
1 0 1 0 2 4 1 1 1 1 1 3 3 1 1 
0 0 1 0 0 0 1 1 0 0 1 0 0 1 0 
0 2 1 1 0 0 0 1 0 1 0 0 0 2 2 
0 2 1 2 0 0 0 2 2 1 0 1 1 0 2 
1 0 0 0 2 1 2 5 1 3 0 0 2 1 1 
1 0 0 0 2 1 2 1 1 3 0 2 1 1 0 
2 0 2 2 0 0 1 0 0 0 3 2 3 0 0 
0 1 0 0 2 1 1 1 1 2 1 1 1 4 2 
0 1 1 2 1 1 2 0 1 0 0 0 1 1 2 
1 3 1 0 2 2 0 1 0 1 0 1 1 1 1 
1 1 0 4 2 2 0 1 0 1 1 3 0 2 1 
2 2 0 3 2 0 0 1 4 0 0 1 1 1 0 
2 1 0 0 0 2 0 0 0 0 0 2 1 2 1 
0 0 0 0 1 4 0 1 5 2 0 1 0 0 1 
1 1 0 1 1 5 0 0 1 1 3 1 1 0 1 
1 1 1 1 0 3 3 0 0 2 3 3 2 1 0 
0 1 0 0 0 0 1 1 1 1 0 0 0 0 1 
1 0 2 0 0 0 1 1 0 0 0 1 0 1 1 
0 0 2 1 2 0 2 2 0 1 0 0 0 5 1 
1 2 0 2 0 0 3 1 5 1 0 2 1 0 0 
1 0 2 2 1 0 1 2 2 1 3 0 1 0 2 
0 1 0 0 1 1 1 0 0 2 3 2 0 1 0 
0 0 1 3 0 2 2 1 0 0 4 0 2 1 3 
0 1 1 0 2 1 0 1 0 0 0 0 1 2 2 
1 1 2 3 3 2 1 0 1 1 1 0 1 3 1 
3 2 0 2 3 0 1 2 1 0 0 1 1 0 0 
1 0 0 1 0 3 0 1 0 1 1 3 1 1 2 
1 2 0 2 0 0 0 0 4 0 1 0 2 0 2 
0 1 0 0 3 4 2 0 2 3 0 0 0 0 1 
2 1 1 0 0 2 1 0 0 2 0 4 1 1 0 
1 1 0 1 2 2 1 0 0 1 3 2 2 0 0 
0 0 0 1 0 0 3 1 1 0 1 0 1 2 0 
0 1 2 1 0 0 2 1 0 0 0 0 1 2 0 
0 0 1 1 1 2 2 0 2 0 1 1 1 1 1 
1 1 2 0 1 1 0 1 0 0 3 0 1 3 2 
0 2 1 0 1 0 3 2 3 2 1 2 0 0 0 
0 0 1 1 2 1 1 2 0 0 5 2 0 0 2 
0 2 1 0 2 1 0 0 1 1 0 2 1 3 0 
0 0 2 2 2 2 2 0 1 0 0 0 2 2 1 
0 2 3 1 4 2 0 1 2 1 0 0 0 0 3 
2 2 1 0 2 3 0 1 1 0 0 1 2 1 1 
2 0 1 1 1 0 1 0 2 1 0 0 1 1 0 
0 0 1 0 2 2 0 1 1 4 0 4 1 3 2 
1 1 0 0 1 5 2 0 2 2 0 0 0 0 0 
1 3 0 0 1 0 0 0 0 0 3 2 2 0 0 
1 1 0 0 2 2 2 0 2 1 1 4 1 1 0 
0 0 1 0 0 1 2 2 0 0 0 1 1 0 1 
0 1 0 1 0 3 1 0 2 0 0 0 1 0 0 
0 2 0 2 0 1 1 1 0 1 0 0 3 1 1 
0 1 1 2 0 0 1 0 1 2 0 1 3 1 1 
1 1 2 0 0 1 1 3 2 2 4 0 0 1 1 
0 1 2 2 1 1 3 1 0 1 1 2 1 1 0 
0 0 0 3 1 0 1 2 1 0 2 1 3 1 1 
0 2 1 1 2 1 0 3 0 0 0 2 1 2 1 
2 1 2 3 3 4 0 0 1 1 0 1 0 1 1 
2 2 0 1 2 2 1 0 4 0 0 1 0 1 1 
0 1 1 0 0 0 0 1 1 0 1 3 1 2 1 
1 0 1 1 1 2 2 0 4 2 2 0 0 2 2 
1 1 1 0 3 1 2 1 0 0 0 1 0 0 0 
1 1 2 0 1 1 1 0 2 2 1 1 0 3 0 
1 1 0 0 1 1 0 4 0 0 4 1 1 1 1 
0 0 0 1 2 1 1 1 0 0 1 1 0 1 0 
0 1 1 1 1 0 2 2 0 1 0 0 1 2 1 
0 1 1 0 0 0 1 1 1 0 0 1 0 1 1 
1 1 0 1 0 3 0 0 1 1 3 1 1 0 0 
1 2 0 3 1 1 1 1 3 2 1 0 2 1 1 
0 0 3 2 0 0 1 3 2 0 2 2 3 1 1 
0 1 3 1 1 0 1 2 1 2 0 1 1 2 1 
1 0 0 2 2 0 1 0 0 0 0 0 4 1 1 
1 2 1 4 3 1 2 2 4 0 0 0 1 0 0 
1 2 2 1 1 2 1 1 0 0 0 1 0 1 1 
1 1 0 0 2 0 0 0 3 1 0 2 2 3 3 
1 0 0 1 2 2 1 2 1 1 1 3 0 1 0 
3 0 0 2 0 1 1 1 1 2 1 1 0 2 0 
2 0 0 1 2 1 1 4 1 0 1 1 1 0 3 
0 0 2 2 0 0 2 1 1 1 1 0 1 0 0 
0 0 0 1 0 2 1 0 0 0 2 0 2 1 0 
0 0 2 1 0 1 2 2 1 0 0 0 1 1 1 
0 0 1 1 0 2 0 0 2 2 2 0 1 0 0 
0 1 0 1 1 0 2 0 1 1 0 2 1 2 1 
1 1 2 1 1 1 0 2 2 0 1 1 1 2 1 
1 2 2 2 2 1 0 2 2 0 1 2 2 1 1 
1 0 0 3 1 0 1 1 3 1 0 0 2 1 2 
0 2 0 1 0 0 1 3 2 1 0 1 2 3 1 
0 2 2 2 3 1 1 1 1 1 0 1 0 0 1 
2 2 0 1 4 1 1 0 3 1 0 0 0 2 1 
0 0 1 2 2 0 1 1 0 1 0 0 3 3 0 
2 0 0 2 2 0 0 0 2 2 1 2 1 0 3 
3 2 0 0 2 1 1 2 0 0 0 2 0 0 3 
0 0 1 1 1 0 1 3 3 1 1 1 0 2 0 
0 0 0 2 3 3 0 1 0 0 2 0 0 0 1 
0 0 1 0 0 1 1 0 1 1 1 2 1 0 1 
0 1 0 0 1 3 0 0 1 0 1 0 1 1 1 
0 0 1 0 1 1 0 2 1 2 0 2 2 1 1 
0 0 3 2 0 0 0 1 1 2 1 0 0 1 1 
1 1 1 2 2 1 2 1 1 1 1 0 1 2 0 
0 0 3 4 2 0 2 2 0 1 2 0 0 3 2 
0 1 1 0 2 0 1 4 3 1 1 2 1 3 1 
2 2 2 1 3 0 3 0 0 0 0 0 1 1 2 
0 1 0 0 2 0 1 0 3 0 1 0 1 2 2 
1 0 1 3 1 1 1 2 1 1 0 0 2 0 0 
4 2 0 1 2 0 1 1 1 1 1 2 0 2 1 
1 1 1 0 1 1 1 1 1 0 1 0 0 4 2 
0 1 1 2 1 1 3 0 2 0 2 1 1 0 1 
1 0 1 1 1 1 1 1 1 0 0 1 1 0 2 
0 0 0 2 2 0 2 2 1 1 0 0 1 0 1 
0 1 0 0 1 2 0 1 0 1 3 1 1 0 1 
1 0 0 1 3 0 0 1 0 0 0 0 2 2 1 
0 0 1 1 0 0 1 0 1 1 3 0 0 1 2 
0 2 1 2 1 0 1 1 0 4 0 1 1 1 0 
0 0 2 4 1 0 0 4 1 4 1 0 0 1 3 
1 1 3 1 0 2 0 3 2 1 0 1 2 1 1 
2 0 2 3 0 1 1 0 1 2 2 1 1 2 2 
1 1 1 2 1 2 0 2 1 0 1 0 1 2 1 
0 1 0 2 0 1 2 2 0 1 0 1 4 1 0 
2 2 0 2 1 1 2 1 2 1 2 1 0 0 0 
1 1 0 1 0 0 1 0 2 0 0 0 0 2 1 
2 2 0 0 3 0 3 0 1 0 0 3 2 2 3 
1 0 1 1 4 1 1 2 0 1 0 0 0 0 2 
0 1 1 2 1 0 1 1 1 0 2 0 0 1 1 
1 0 1 1 0 3 1 1 1 0 1 0 2 0 0 
0 0 1 0 0 1 1 1 2 1 1 1 2 1 0 
0 0 1 0 0 1 1 0 1 0 0 1 1 2 2 
1 1 0 0 3 0 0 0 1 2 0 1 0 0 1 
0 0 4 3 0 0 0 2 4 1 2 0 1 1 4 
0 1 2 2 0 0 1 0 3 2 1 1 1 1 1 
1 0 1 3 2 0 3 2 1 2 1 0 0 1 2 
1 0 1 1 3 1 0 1 0 2 1 0 2 1 1 
2 0 2 0 2 2 1 1 0 1 1 0 2 3 2 
2 1 2 2 1 1 1 1 1 1 3 2 1 0 0 
1 1 1 0 1 3 1 1 1 2 0 1 2 2 1 
1 1 1 1 0 0 0 0 0 1 0 0 1 1 1 
0 2 2 1 1 0 0 0 1 0 1 1 1 2 1 
0 1 0 3 3 1 4 1 1 0 3 1 0 2 1 
1 0 1 2 1 0 1 4 0 0 0 0 2 0 1 
0 0 2 0 0 0 2 0 1 2 0 1 0 0 0 
1 1 0 0 0 1 3 2 0 2 1 0 1 2 0 
1 1 0 0 1 0 1 0 0 1 0 0 1 1 0 
1 0 1 2 0 0 1 0 3 0 1 0 1 4 2 
0 1 1 2 2 0 1 0 5 5 1 0 0 2 1 
1 0 2 2 2 0 1 0 0 1 2 0 0 1 3 
0 2 2 0 2 2 0 1 2 2 2 1 3 2 0 
0 1 2 1 0 1 1 1 1 0 1 1 2 0 0 
0 2 2 1 1 1 1 0 1 2 1 1 0 1 4 
1 2 2 0 2 1 1 0 1 3 1 0 1 1 2 
1 1 1 1 1 0 2 2 2 1 2 0 1 2 0 
1 2 0 1 0 1 0 1 0 0 0 0 1 3 1 
1 2 1 2 0 0 1 2 0 0 2 1 3 3 1 
1 0 3 1 1 3 0 0 0 1 1 0 2 0 0 
0 1 1 1 1 2 3 0 1 0 1 0 0 0 0 
0 0 0 1 0 3 1 1 1 2 0 0 2 1 1 
0 1 3 0 0 1 1 1 2 1 0 2 1 0 0 
0 1 0 1 0 0 1 1 2 0 0 1 1 0 0 
0 1 0 0 3 0 0 1 0 3 1 0 2 2 2 
2 0 4 1 1 1 0 2 0 3 3 0 2 2 3 
0 2 3 1 1 0 0 2 1 2 0 1 2 1 0 
0 1 1 1 1 0 1 1 1 3 2 1 2 0 0 
1 3 0 1 3 0 0 1 2 0 0 1 0 3 1 
1 0 3 2 0 1 2 0 2 2 2 1 2 4 0 
1 0 2 1 0 1 2 0 0 1 2 0 0 2 0 
2 0 0 0 2 0 1 1 0 0 0 2 1 2 2 
2 0 3 0 1 0 2 2 2 1 1 0 2 2 0 
1 1 2 0 2 0 0 1 1 0 0 1 1 1 1 
0 2 2 2 0 2 3 0 0 0 2 2 1 2 1 
0 0 1 2 1 4 1 1 0 2 0 1 2 0 0 
0 0 1 0 1 1 2 0 1 1 1 0 1 1 1 
1 2 0 0 0 0 0 2 2 0 0 0 2 0 0 
1 0 0 0 1 0 0 1 0 2 1 0 1 0 1 
1 0 1 1 0 0 1 1 1 1 4 0 4 4 0 
0 1 1 2 4 0 1 0 2 1 2 1 1 1 0 
1 2 3 3 1 0 1 0 1 1 1 0 0 0 3 
0 1 0 1 1 1 0 2 2 1 2 1 1 3 0 
2 1 3 2 0 1 1 0 2 3 0 1 1 2 2 
0 2 0 2 1 0 1 2 0 1 1 2 1 1 0 
0 1 0 0 1 0 1 1 1 2 1 1 2 2 1 
2 1 1 0 1 2 2 0 1 1 1 0 2 2 0 
1 2 0 2 1 0 1 2 0 0 1 2 0 2 0 
0 1 0 2 0 2 2 1 2 0 1 0 1 4 2 
1 2 1 1 2 2 2 0 1 2 1 2 1 0 1 
0 2 2 0 2 0 1 0 1 0 1 1 2 2 1 
1 1 0 0 0 1 1 2 1 0 0 0 1 0 0 
0 0 2 0 1 0 1 1 1 1 0 1 0 1 0 

Round: 25

All points: 225
MAX coupon: 4
Co-ordinates of MAX coupon: [1, 10]
User has already collected 4 points!



Welcome to the Checkerboard application 
This presentation shows how the program works in different cases.

1 step ------------- program will display init array 15x15
2 step ------------- program will shuffle the board 25 times
and display the current board, round, sum of all points on the board,
MAX value on the board and its co-ordinates. After all collect the MAX
value for the user and remove it from the checkerboard
3 step ------------- program will shuffle the board next 25 times and
does the same like in step 2
5 step ------------- program will shuffle the board next 50 times and
does the same like in step 2
Final extra step --- program will show the logs from each of 100 rounds

PRESS ENTER TO START...
]]></system-out>
  <system-err><![CDATA[]]></system-err>
</testsuite>
