<?xml version="1.0" encoding="UTF-8"?>
<testsuite name="CheckBoard_Test" tests="1" skipped="0" failures="0" errors="0" timestamp="2023-03-17T13:46:35" hostname="WPLKM250542-F0V" time="0.031">
  <properties/>
  <testcase name="ShuffleCornersTest()" classname="CheckBoard_Test" time="0.031"/>
  <system-out><![CDATA[022000121000010
000010000111110
000000000000000
000000000000000
000000000000000
000000000000000
000000000000000
000000000000000
000000000000000
000000000000000
000000000000000
000000000000000
000000000000000
000101010001101
011201011001100
]]></system-out>
  <system-err><![CDATA[]]></system-err>
</testsuite>
