<?xml version="1.0" encoding="UTF-8"?>
<testsuite name="GameBoot_Test" tests="1" skipped="0" failures="0" errors="0" timestamp="2023-03-20T13:01:31" hostname="WPLKM250542-F0V" time="3.447">
  <properties/>
  <testcase name="DisplayAllRoundLogs_Test()" classname="GameBoot_Test" time="3.447"/>
  <system-out><![CDATA[2 0 1 0 0 3 2 0 0 1 1 2 0 0 1 
2 0 3 2 0 0 1 2 2 1 1 2 1 0 2 
1 0 0 1 2 2 0 1 1 1 0 2 0 0 2 
0 3 0 0 1 2 0 2 1 0 2 2 1 1 0 
0 2 1 1 0 0 2 1 1 0 0 1 1 1 2 
0 0 1 1 2 1 0 2 1 0 0 1 3 1 0 
1 2 2 0 1 3 0 1 0 3 1 0 1 1 0 
1 2 1 2 0 1 0 1 1 2 1 1 1 1 1 
1 3 1 2 1 1 1 1 0 1 1 0 2 1 2 
0 0 1 1 1 1 2 1 1 1 0 1 1 0 1 
1 1 1 0 1 0 1 1 3 2 2 3 0 1 2 
2 2 1 2 2 0 0 2 1 0 1 0 1 2 0 
0 1 0 0 1 1 1 0 0 1 1 0 0 1 0 
1 1 2 1 1 1 2 1 0 1 1 0 3 2 1 
0 0 2 2 1 1 1 1 2 0 1 1 2 2 1 
2 2 1 3 1 0 1 2 1 0 1 1 1 1 0 
0 0 0 2 0 2 0 1 2 0 2 2 1 0 1 
0 0 1 0 0 2 3 0 3 0 2 0 0 0 2 
2 0 3 1 1 1 2 1 2 1 2 2 2 1 2 
1 0 0 0 0 0 0 1 1 0 1 0 2 1 0 
1 2 1 1 1 1 4 0 0 1 2 0 0 0 1 
2 1 1 5 1 0 1 0 0 1 2 1 2 1 0 
0 1 1 0 1 2 0 2 1 2 0 0 1 1 0 
1 2 4 0 1 1 0 0 1 1 0 1 1 3 1 
0 0 0 1 1 1 2 0 1 1 2 1 1 2 1 
0 1 0 2 0 1 1 2 2 2 3 1 2 1 1 
1 2 1 2 2 1 0 0 1 1 0 0 0 1 2 
2 2 2 1 0 1 0 1 0 1 0 0 1 1 0 
0 0 0 3 0 1 0 1 2 2 1 1 1 2 0 
0 0 0 4 2 2 2 1 0 0 0 0 2 3 1 
0 1 3 0 1 3 1 0 2 2 2 1 1 0 1 
2 0 0 1 0 0 1 1 2 0 0 1 2 0 0 
1 0 1 2 0 2 2 3 1 1 0 0 1 1 1 
0 2 2 2 0 1 0 1 2 0 2 1 1 3 1 
0 3 0 0 0 1 1 0 1 0 3 1 0 1 0 
1 1 1 1 1 0 1 3 1 1 1 0 2 1 0 
2 0 1 0 1 2 1 1 1 1 0 1 3 1 0 
2 1 1 3 1 1 2 0 1 1 2 0 0 0 1 
0 2 1 1 1 1 0 0 1 1 0 0 1 0 1 
0 1 2 1 0 1 0 2 1 1 1 2 1 3 2 
2 0 0 0 2 1 2 0 3 1 1 3 2 1 1 
0 1 1 0 2 1 2 0 1 2 1 0 2 1 1 
0 1 1 4 0 0 0 1 0 2 0 0 1 1 1 
2 1 0 1 0 2 2 2 0 2 1 0 2 1 1 
0 0 0 2 5 2 1 0 0 1 0 0 0 2 2 
2 0 0 3 2 1 1 1 2 3 2 0 0 2 0 
0 0 2 0 0 0 2 1 0 1 1 1 0 0 1 
1 2 2 0 1 1 3 1 3 0 1 2 2 3 2 
0 1 3 1 0 0 0 0 1 1 0 1 0 0 0 
2 1 2 0 1 0 0 3 0 0 0 1 0 1 1 
1 0 1 1 0 3 2 1 2 1 2 3 2 0 0 
1 2 0 1 0 0 3 1 1 1 0 0 2 2 1 
0 2 4 1 2 1 0 0 0 1 1 2 0 0 0 
1 0 2 0 0 0 1 0 2 0 0 1 0 1 2 
0 0 1 2 1 0 1 0 5 1 1 1 3 0 3 
0 1 0 2 1 1 1 2 0 0 1 0 1 2 1 
2 0 0 2 2 1 0 2 1 1 2 4 0 1 0 
0 1 1 0 2 0 1 0 0 2 2 1 0 2 0 
0 2 2 2 2 0 1 2 0 1 0 2 0 2 2 
0 0 0 1 3 4 1 2 1 0 0 0 1 1 1 
0 2 2 1 0 0 2 2 0 2 2 0 1 0 0 
0 0 1 1 1 2 2 0 0 1 3 1 0 3 2 
2 2 2 1 0 0 0 2 1 2 1 2 3 0 0 
1 3 1 0 2 1 1 1 1 0 0 1 1 1 0 
0 1 0 1 0 1 1 0 2 1 1 1 1 0 0 
1 1 0 1 1 0 1 4 0 1 2 0 0 3 1 
2 1 5 1 0 3 0 2 0 1 0 0 0 2 0 
0 0 0 1 0 1 2 1 1 1 1 1 2 1 1 
0 4 0 2 1 0 0 0 0 0 0 2 0 0 1 
0 0 1 1 1 2 1 0 1 1 1 2 0 4 1 
1 0 2 0 3 1 0 1 5 1 0 1 1 1 0 
0 1 2 0 1 1 2 2 1 1 5 1 1 3 1 
1 0 0 1 0 2 1 1 1 0 2 0 1 2 1 
0 1 2 1 1 1 1 1 1 0 2 0 2 0 0 
0 1 1 0 4 2 1 1 1 1 0 0 0 1 2 
0 0 2 3 0 3 0 0 2 1 0 2 0 2 0 
1 1 1 2 0 1 0 4 0 1 1 2 0 1 2 
0 4 1 0 2 2 1 0 0 1 2 3 1 2 1 
0 0 1 1 0 2 0 0 2 1 0 1 1 0 0 
1 0 1 0 1 0 1 3 1 0 0 1 1 0 1 
2 1 0 1 1 1 2 2 2 1 0 1 0 0 2 
1 2 0 3 4 0 0 0 0 1 1 0 1 2 1 
0 4 2 0 0 0 0 2 1 2 1 3 1 2 0 
1 0 1 0 1 3 1 0 0 0 0 0 0 1 0 
0 0 0 1 0 1 0 0 2 2 1 2 2 0 2 
0 2 2 4 1 1 0 3 3 0 1 0 0 2 1 
1 1 0 0 2 1 1 0 3 1 0 4 2 2 0 
0 1 1 1 2 2 1 0 1 2 0 1 2 3 1 
0 1 2 1 0 2 0 1 1 0 0 1 0 0 1 
0 0 1 2 2 2 1 2 0 1 2 0 1 1 1 
1 1 3 0 2 0 0 3 0 1 0 0 2 0 1 
0 1 3 1 2 1 2 0 2 1 1 2 1 2 0 
2 0 0 0 0 2 2 0 1 0 2 2 2 1 1 
0 1 1 1 1 0 2 1 1 1 1 0 0 0 1 
1 1 0 0 0 2 1 0 2 1 1 1 1 0 1 
2 0 0 0 4 1 0 1 2 0 3 0 2 2 1 
2 2 4 2 1 0 1 2 1 0 0 1 1 3 1 
1 1 1 1 0 1 0 0 1 2 2 0 1 0 0 
0 2 0 2 0 2 1 0 1 1 1 1 1 0 1 
0 2 0 2 1 1 1 2 1 0 0 1 0 2 1 
0 1 2 0 1 0 2 0 1 2 0 3 2 1 1 
1 1 1 1 0 0 1 2 2 2 2 0 2 1 0 
0 1 1 1 2 3 0 0 1 0 1 2 2 1 0 
0 2 1 1 1 1 1 1 1 3 1 0 0 3 1 
0 1 1 1 0 2 3 1 1 1 0 1 0 1 0 
0 4 1 1 1 0 1 0 3 0 0 1 0 2 0 
1 1 0 2 2 1 1 0 0 2 2 1 0 0 1 
0 2 1 1 0 1 2 1 1 2 2 2 1 2 2 
0 1 0 0 1 4 0 0 2 1 0 0 0 0 2 
1 1 1 0 0 0 1 0 1 1 1 0 1 2 1 
1 0 1 2 2 4 1 1 1 2 1 3 1 1 0 
2 2 1 2 1 0 2 2 0 3 2 0 0 2 0 
1 2 1 2 2 1 0 1 0 0 1 0 0 2 1 
0 0 1 1 0 0 1 1 1 0 2 2 1 1 0 
1 0 0 1 2 1 2 1 2 1 0 1 1 1 0 
2 2 0 1 0 1 0 1 0 1 2 1 4 1 0 
1 1 2 0 1 2 1 1 2 2 1 1 2 1 1 
0 0 1 0 2 0 1 0 0 0 1 1 1 1 1 
1 1 2 2 3 2 2 0 1 1 2 2 0 0 0 
0 0 1 1 0 1 1 2 3 1 0 0 0 2 1 
1 0 3 1 0 2 0 2 0 2 1 0 0 0 1 
0 1 3 0 1 2 0 2 0 1 2 0 0 1 1 
2 1 0 0 1 2 1 1 1 1 3 1 1 0 1 
1 2 0 1 2 0 2 1 2 2 1 0 0 2 1 
0 1 0 0 0 2 0 1 1 1 1 3 1 1 2 
0 1 2 1 0 0 2 2 1 2 1 0 0 2 1 
2 2 1 2 2 1 0 1 2 2 0 2 0 2 1 
2 1 0 3 2 0 1 2 1 0 0 1 0 1 0 
0 2 1 0 2 1 1 1 0 2 0 1 2 0 0 
1 2 0 0 2 1 0 1 0 1 1 0 1 2 1 
0 1 2 0 0 0 2 0 2 2 2 1 2 1 1 
0 1 1 0 0 1 1 1 0 0 4 1 2 0 1 
1 0 1 1 1 3 0 2 1 1 2 1 1 1 1 
0 2 1 3 1 1 0 1 1 0 1 0 1 1 1 
1 0 0 3 1 1 3 3 0 0 1 1 0 0 2 
0 2 1 1 2 1 2 0 0 0 0 0 0 1 1 
1 1 1 2 1 0 2 3 0 2 4 2 0 0 2 
1 3 0 1 3 2 0 1 1 3 0 2 0 1 0 
0 0 0 1 0 0 0 1 0 1 0 2 0 2 2 
0 2 1 0 2 0 2 1 2 1 1 1 2 1 0 
0 2 0 2 1 0 0 2 2 2 0 2 2 0 0 
0 2 1 4 2 0 1 1 1 1 1 0 1 1 1 
0 2 1 0 3 2 2 1 1 1 0 0 0 2 1 
1 0 1 1 0 0 1 1 2 1 1 1 0 3 0 
0 1 3 0 0 1 0 0 1 1 0 1 2 1 1 
1 1 1 0 1 2 0 3 0 2 3 2 1 1 1 
1 0 1 0 0 1 1 1 1 2 1 1 0 2 0 
0 1 1 1 2 1 1 0 0 1 1 0 1 1 1 
0 0 2 3 0 1 2 0 1 1 0 1 1 0 1 
0 3 1 2 2 0 1 3 3 0 1 1 1 2 1 
1 1 3 3 0 0 1 1 0 1 1 1 0 0 3 
1 2 1 1 2 3 1 1 1 2 0 1 1 0 1 
0 0 2 1 0 0 0 4 1 1 2 0 0 2 0 
0 1 1 0 1 1 0 0 1 1 1 2 2 2 0 
1 1 0 3 1 2 0 4 0 1 0 0 2 1 1 
0 3 1 0 0 0 0 3 2 1 3 1 1 1 0 
0 2 4 0 2 2 0 1 1 1 1 0 0 2 1 
1 0 1 2 2 0 0 2 0 1 0 0 1 1 1 
0 2 1 1 0 1 1 1 0 4 1 1 0 0 3 
0 1 0 0 0 0 0 1 1 1 0 2 1 0 1 
0 1 2 0 1 1 4 0 0 1 3 0 1 2 2 
1 2 1 1 1 0 2 0 1 0 3 0 0 0 1 
1 0 0 1 0 2 2 0 1 0 2 2 0 1 1 
0 2 0 1 3 0 1 1 3 0 1 1 1 3 0 
1 1 3 1 1 2 2 0 2 1 0 1 1 2 0 
1 4 4 1 0 2 1 0 0 1 0 1 1 2 0 
0 1 3 1 0 0 2 4 1 2 2 1 0 0 1 
0 2 1 0 1 1 1 0 0 1 0 1 1 0 1 
1 0 0 1 1 2 0 2 1 3 0 0 2 3 1 
0 1 1 0 1 1 1 1 4 1 0 3 0 2 0 
1 1 2 3 1 0 0 2 2 2 0 2 0 2 0 
1 2 1 0 2 0 1 2 0 1 0 0 1 2 1 
0 1 2 0 1 1 1 1 1 2 1 1 0 0 3 
0 1 2 1 0 0 1 1 2 0 1 1 0 0 1 
0 0 1 1 1 0 0 0 0 1 2 0 0 2 2 
1 1 0 0 1 2 1 1 2 1 0 3 1 0 1 
2 0 2 1 0 1 2 0 0 3 2 1 1 0 1 
1 1 2 1 0 0 1 0 3 1 0 1 1 1 0 
0 0 1 2 0 1 1 1 0 1 0 2 2 1 1 
0 2 1 4 3 1 1 3 1 1 1 0 2 1 0 
1 1 2 2 2 1 1 1 0 0 0 1 2 0 0 
0 2 3 2 0 0 1 0 4 3 0 1 1 0 0 
0 1 2 2 2 1 2 2 1 2 1 0 1 0 1 
0 0 0 0 0 0 1 1 1 2 0 0 1 3 1 
2 0 1 4 1 1 0 3 0 2 0 0 3 3 0 
1 0 1 1 1 1 1 1 3 1 1 1 2 1 0 
2 1 0 2 1 1 2 0 3 0 0 0 0 2 1 
0 1 1 1 0 0 3 0 1 0 1 2 2 1 0 
0 3 4 0 0 0 2 1 0 2 1 0 0 1 3 
0 0 1 0 0 0 1 1 1 2 0 0 1 0 0 
1 1 2 0 1 2 0 1 0 2 0 0 2 2 2 
0 1 0 1 1 2 0 0 0 0 2 3 0 1 1 
1 0 0 2 0 1 3 1 0 2 2 1 0 1 0 
1 0 1 3 1 1 2 0 2 1 0 0 1 2 0 
1 1 2 1 2 2 2 1 1 2 0 1 2 2 1 
1 2 2 0 0 0 1 0 2 0 1 2 0 1 0 
0 2 3 2 4 0 1 2 1 2 2 1 1 0 1 
0 1 0 1 2 2 1 0 2 2 1 1 1 0 0 
0 0 0 2 1 2 2 1 1 1 0 0 3 2 1 
0 0 1 0 1 1 1 0 2 0 2 3 2 0 0 
3 2 1 2 1 0 3 3 1 0 1 1 1 1 0 
0 0 2 0 1 1 0 2 1 0 0 0 1 0 2 
1 0 2 1 1 0 1 2 0 2 1 1 0 2 1 
2 2 1 0 0 0 3 2 1 1 1 1 0 4 0 
1 1 1 0 1 0 0 0 1 1 1 0 0 1 1 
1 0 0 0 0 0 2 0 0 1 1 2 2 1 1 
2 0 2 1 2 1 0 0 0 2 0 0 1 0 1 
0 0 1 2 1 1 2 1 1 0 1 3 1 0 0 
1 0 1 1 2 3 3 3 2 2 1 1 3 1 1 
1 0 1 1 1 3 1 0 2 0 0 0 2 1 1 
0 3 1 0 0 0 1 1 0 1 0 0 1 0 1 
0 3 2 2 3 2 1 1 1 4 3 1 0 1 0 
1 0 1 1 1 1 1 3 1 1 1 0 0 1 2 
0 0 0 0 1 3 2 0 1 0 1 2 1 1 0 
0 0 0 4 2 1 3 3 0 2 0 2 4 1 0 
1 3 1 0 1 0 1 1 1 0 2 1 0 0 1 
1 1 0 1 1 0 2 1 0 1 0 1 0 2 1 
1 3 1 0 1 2 2 2 0 1 2 1 0 1 1 
1 0 2 0 0 0 0 3 1 3 0 0 1 1 1 
2 1 1 0 0 0 0 0 0 1 0 1 1 2 1 
1 0 0 0 1 0 0 1 0 0 2 2 1 1 2 
1 2 1 1 0 2 2 0 3 1 0 2 0 0 0 
1 0 2 1 1 1 0 3 0 0 1 0 1 0 0 
1 0 1 2 3 3 1 2 0 0 3 0 2 2 0 
0 1 0 0 1 3 4 0 1 2 1 1 2 3 1 
2 0 1 2 2 0 1 0 1 1 2 0 0 2 0 
3 2 3 0 2 0 2 1 1 1 1 0 1 1 0 
0 0 1 0 1 2 1 2 3 2 2 1 0 2 0 
0 0 0 1 2 1 1 2 0 0 0 1 0 1 2 
0 0 0 0 3 2 2 1 2 0 0 2 2 1 0 
1 1 1 3 1 0 2 3 0 3 0 0 2 1 0 
0 4 2 0 1 3 1 1 1 0 0 1 1 1 1 
1 0 1 2 0 1 0 3 2 4 0 0 2 2 0 
2 0 0 1 0 0 0 0 0 3 1 1 0 0 0 
2 1 0 1 0 0 0 1 0 0 0 0 0 3 1 
0 2 0 2 0 0 1 0 0 0 0 4 2 4 0 
1 0 0 0 1 2 0 2 1 1 2 0 0 1 1 
1 0 1 2 2 2 2 0 1 0 0 0 0 1 0 
1 2 2 2 1 3 3 0 0 2 1 2 3 1 1 
0 0 0 1 2 3 1 3 1 0 1 0 4 1 0 
2 1 1 0 3 0 0 1 1 2 0 1 1 0 1 
3 2 1 2 3 1 1 2 0 2 1 1 0 2 1 
0 0 0 0 1 0 3 2 1 2 1 1 0 0 0 
0 0 1 0 3 0 2 0 1 1 1 0 0 1 0 
1 0 0 2 2 1 2 3 0 1 0 0 2 3 2 
1 2 1 0 1 1 0 1 5 0 2 2 1 1 1 
1 2 2 1 3 1 2 2 0 0 1 0 1 1 0 
1 2 0 0 1 1 1 2 2 0 0 1 0 0 2 
1 0 0 1 0 0 0 1 0 3 1 0 1 0 1 
1 2 2 1 0 0 1 0 0 2 0 3 1 2 2 
1 0 0 0 1 1 0 1 0 0 2 0 1 0 0 
0 0 0 2 1 0 2 0 2 0 1 1 2 2 1 
2 1 0 0 2 4 2 0 1 0 0 0 0 0 1 
1 0 1 2 4 2 1 1 1 0 1 2 5 1 0 
0 1 2 0 3 1 2 1 1 2 1 1 1 1 1 
2 3 1 2 1 0 0 0 0 1 1 0 0 3 1 
1 1 1 0 4 1 2 2 3 2 1 2 0 0 1 
1 0 1 1 1 2 2 0 0 1 1 1 0 1 0 
0 0 0 0 1 3 2 2 0 3 1 0 0 1 0 
0 1 1 1 2 0 0 0 4 0 1 1 2 1 1 
2 1 0 1 0 1 1 3 1 3 1 0 3 1 2 
1 1 0 1 2 1 0 3 1 0 0 1 0 0 0 
2 1 2 2 3 0 0 1 0 1 0 0 0 1 0 
1 1 0 0 1 0 2 0 2 1 1 1 1 1 2 
1 2 1 1 1 1 0 0 0 0 3 0 3 2 0 
0 1 0 1 1 0 2 0 1 0 1 3 0 2 0 
1 0 1 0 3 1 0 2 1 0 0 1 1 1 2 
0 1 1 0 1 1 1 3 1 0 0 2 2 1 1 
0 1 0 0 2 4 2 0 1 0 1 0 0 0 1 
1 1 1 4 4 1 1 0 1 0 3 0 3 2 1 
1 1 1 2 2 0 0 1 1 0 1 1 1 0 1 
2 2 0 2 1 1 1 1 0 2 4 1 1 1 1 
0 0 1 1 5 2 0 3 1 0 2 0 0 0 1 
1 0 0 0 1 1 0 2 0 0 3 1 1 1 0 
1 0 1 0 0 1 0 2 0 3 0 0 2 1 1 
1 0 1 1 2 1 1 0 4 2 2 1 2 0 1 
1 2 0 2 3 1 0 2 2 0 1 0 0 0 2 
0 3 1 0 2 1 0 1 0 0 0 0 1 0 1 
4 3 0 0 1 1 0 1 0 3 2 0 2 3 1 
0 1 0 2 3 0 0 0 2 1 1 2 0 2 1 
0 0 0 0 2 2 0 1 0 0 1 0 1 0 2 
0 2 0 1 1 0 1 3 0 0 1 1 2 3 1 
0 1 1 0 3 1 2 1 0 0 1 1 0 0 1 
1 0 2 1 1 1 6 2 1 0 1 2 0 1 0 
0 0 1 2 4 1 0 1 0 1 0 3 0 2 1 
0 2 1 1 1 0 1 0 0 1 2 0 0 2 0 
1 2 1 1 4 1 1 1 2 2 0 0 0 0 0 
1 0 0 4 2 1 2 0 0 4 2 1 2 2 1 
1 1 1 1 1 1 1 1 1 1 1 1 2 0 0 
1 0 1 0 0 0 0 0 3 0 1 2 0 1 0 
0 1 1 0 3 2 0 1 1 4 0 1 1 3 0 
1 1 0 0 2 1 0 0 1 1 1 1 2 0 1 
5 1 1 2 0 2 1 1 2 0 1 0 0 1 3 
2 1 1 1 1 0 1 1 1 1 0 1 0 3 1 
0 0 0 2 3 2 0 1 0 3 1 0 1 2 1 
0 2 0 0 0 1 2 1 0 0 2 2 0 1 1 
0 0 2 1 2 0 2 1 1 0 0 3 2 0 2 
0 0 1 1 1 1 1 2 0 0 0 0 0 2 0 
0 1 0 1 3 5 0 3 0 0 2 0 0 0 1 
1 0 2 3 0 1 1 1 2 0 2 1 3 1 1 
0 1 2 2 1 0 0 2 2 0 0 2 0 0 1 
1 2 1 2 0 2 0 0 0 2 2 0 0 1 1 
0 0 3 1 2 4 2 1 1 1 2 3 1 1 0 
2 0 1 1 0 0 1 1 2 1 1 0 0 3 0 
1 0 0 1 1 0 1 1 1 1 2 0 2 0 0 
2 1 0 0 2 2 1 0 2 1 0 1 2 1 2 
0 0 0 1 1 1 0 1 1 3 1 2 0 3 2 
2 5 1 0 0 0 2 2 0 0 0 0 0 0 0 
2 1 2 4 0 3 0 1 1 0 0 0 1 2 2 
1 1 0 1 1 1 1 0 1 1 2 0 1 3 0 
1 0 2 0 2 0 1 0 0 1 1 2 1 1 3 
0 0 1 1 0 1 3 0 0 1 0 1 0 2 0 
0 1 1 0 1 2 2 2 2 0 0 2 1 0 2 
2 0 3 2 3 2 1 1 0 2 2 1 1 1 0 
0 0 1 0 2 2 0 3 0 0 0 2 0 1 1 
1 1 2 1 0 0 1 0 0 0 3 0 1 1 1 
1 0 3 2 2 2 3 1 3 0 2 0 0 0 1 
0 1 1 2 0 0 2 1 2 2 1 1 2 1 1 
0 1 1 1 1 0 0 3 2 0 2 0 3 0 0 
1 1 0 0 2 3 0 0 1 0 2 0 0 1 1 
0 1 1 2 1 1 0 1 1 1 1 0 1 3 1 
2 2 1 1 0 0 1 0 2 1 1 1 3 1 1 
2 0 2 1 0 0 2 2 1 1 0 1 0 1 1 
2 1 1 1 1 0 3 0 0 0 0 0 0 1 1 
2 1 3 2 1 2 1 0 1 1 1 3 2 1 4 
0 0 1 0 0 0 2 0 2 0 0 0 1 3 0 
0 0 1 0 1 1 2 0 1 0 0 0 1 0 1 
2 0 0 1 1 2 3 1 0 0 1 3 0 1 0 
0 2 1 2 1 3 1 1 3 0 0 1 1 2 1 
1 1 1 3 0 1 2 0 1 2 2 0 2 1 0 
2 0 0 3 2 2 0 0 0 2 0 1 0 1 1 
1 2 2 1 0 1 1 1 2 3 0 0 2 1 0 
0 1 2 0 2 0 1 3 2 1 2 0 1 1 0 
0 0 0 1 1 2 1 3 2 0 1 1 0 2 1 
0 1 1 3 1 0 0 1 0 0 2 1 1 0 1 
2 1 0 0 1 1 1 0 1 1 2 1 2 1 3 
2 2 2 1 2 0 1 2 2 0 1 1 0 2 1 
0 1 1 0 0 1 0 0 1 0 0 1 0 0 1 
0 1 3 1 0 0 1 1 0 1 1 1 1 1 3 
1 2 3 2 0 1 4 0 2 1 2 0 0 4 1 
1 1 0 1 0 2 0 0 0 0 0 2 0 1 3 
0 1 0 0 0 1 2 1 0 1 0 0 0 0 0 
0 0 1 2 3 4 1 1 0 0 0 2 4 2 2 
4 0 1 1 0 0 2 3 0 2 1 1 1 1 0 
0 1 3 1 1 1 1 2 0 0 2 1 0 1 1 
0 1 0 1 2 2 2 0 1 2 0 0 1 1 1 
1 1 2 2 1 1 1 0 2 2 0 1 1 1 1 
1 2 1 1 1 1 1 2 3 2 1 2 1 0 0 
0 0 1 2 2 0 3 1 0 2 1 1 1 1 1 
0 1 1 0 1 1 1 0 0 1 0 2 1 2 1 
1 0 1 1 0 0 0 2 1 0 1 2 0 3 0 
2 2 1 1 1 3 1 1 1 0 1 1 1 1 1 
0 1 2 0 1 0 0 1 0 0 0 0 0 1 1 
1 1 2 1 0 1 1 0 1 0 1 1 0 3 1 
0 3 0 2 2 4 1 0 0 2 1 1 1 2 4 
0 2 0 0 0 0 1 0 1 2 3 0 1 1 0 
1 1 1 0 1 0 0 1 1 0 0 1 2 0 1 
0 1 1 1 1 3 4 0 0 0 0 1 0 3 2 
0 4 1 1 0 2 0 1 3 0 1 3 0 0 2 
1 3 1 1 1 0 1 2 2 0 0 2 2 1 0 
1 1 1 1 0 2 1 2 2 0 0 1 1 0 1 
1 0 1 2 0 2 1 0 1 2 1 0 1 1 1 
1 0 4 3 2 0 1 3 3 1 1 1 0 2 0 
0 1 1 1 0 0 1 1 1 1 0 2 0 3 0 
1 0 1 1 0 1 2 1 0 1 2 2 0 1 1 
0 1 2 0 1 1 1 0 0 2 1 1 2 0 3 
1 2 3 0 0 0 1 2 1 1 0 0 1 2 0 
1 0 2 1 0 1 2 0 1 0 0 1 0 3 2 
0 0 0 0 2 2 1 0 0 1 0 1 1 0 3 
1 1 6 1 0 2 2 0 1 0 3 1 1 0 1 
0 0 3 0 0 1 0 0 2 1 1 2 2 1 4 
1 2 0 1 1 1 2 0 1 0 0 0 0 1 0 
0 1 0 1 0 0 2 2 0 0 0 2 2 2 1 
2 0 3 1 1 0 1 0 1 1 1 0 2 2 0 
3 1 2 1 0 2 0 1 5 0 1 1 2 0 1 
Round  SUM  MAX Values  MAX Co-ordinates
1.     225      3           [0, 5]
2.     225      5           [6, 3]
3.     225      5           [14, 4]
4.     225      5           [9, 8]
5.     225      5           [6, 2]
6.     225      4           [1, 7]
7.     225      4           [5, 4]
8.     225      4           [0, 1]
9.     225      4           [11, 10]
10.     225      4           [1, 10]
11.     225      4           [2, 7]
12.     225      4           [0, 1]
13.     225      4           [1, 8]
14.     225      4           [1, 4]
15.     225      4           [1, 9]
16.     225      4           [6, 1]
17.     225      5           [5, 8]
18.     225      4           [1, 4]
19.     225      6           [13, 6]
20.     225      5           [7, 0]
21.     225      5           [7, 1]
22.     225      4           [9, 14]
23.     225      4           [9, 6]
24.     225      4           [9, 5]
25.     225      6           [9, 2]

]]></system-out>
  <system-err><![CDATA[]]></system-err>
</testsuite>
